{"message":"::1 - - [20/Nov/2018:14:48:29 +0000] \"POST /createReservation HTTP/1.1\" 400 375 \"-\" \"PostmanRuntime/7.3.0\"\n","level":"info"}
{"message":"::1 - - [20/Nov/2018:14:48:30 +0000] \"POST /createReservation HTTP/1.1\" 400 375 \"-\" \"PostmanRuntime/7.3.0\"\n","level":"info"}
{"message":"::1 - - [20/Nov/2018:15:58:39 +0000] \"POST /room HTTP/1.1\" - - \"-\" \"PostmanRuntime/7.3.0\"\n","level":"info"}
{"message":"::1 - - [20/Nov/2018:16:40:25 +0000] \"POST /room HTTP/1.1\" - - \"-\" \"PostmanRuntime/7.3.0\"\n","level":"info"}
{"message":"::1 - - [20/Nov/2018:16:42:43 +0000] \"POST /room HTTP/1.1\" - - \"-\" \"PostmanRuntime/7.3.0\"\n","level":"info"}
{"message":"::1 - - [20/Nov/2018:16:43:35 +0000] \"POST /room HTTP/1.1\" 200 - \"-\" \"PostmanRuntime/7.3.0\"\n","level":"info"}
{"message":"::1 - - [20/Nov/2018:16:44:34 +0000] \"POST /room HTTP/1.1\" 200 - \"-\" \"PostmanRuntime/7.3.0\"\n","level":"info"}
{"message":"::1 - - [20/Nov/2018:17:41:29 +0000] \"POST /room/reservation/12 HTTP/1.1\" 404 159 \"-\" \"PostmanRuntime/7.3.0\"\n","level":"info"}
{"message":"::1 - - [20/Nov/2018:17:41:49 +0000] \"POST /room/reservation/12 HTTP/1.1\" - - \"-\" \"PostmanRuntime/7.3.0\"\n","level":"info"}
{"message":"::1 - - [20/Nov/2018:17:42:24 +0000] \"POST /room/reservation/12 HTTP/1.1\" 400 - \"-\" \"PostmanRuntime/7.3.0\"\n","level":"info"}
{"message":"::1 - - [20/Nov/2018:17:43:12 +0000] \"POST /room/reservation/12 HTTP/1.1\" 400 - \"-\" \"PostmanRuntime/7.3.0\"\n","level":"info"}
{"message":"::1 - - [20/Nov/2018:17:44:20 +0000] \"POST /room/reservation/12 HTTP/1.1\" 400 - \"-\" \"PostmanRuntime/7.3.0\"\n","level":"info"}
{"message":"::1 - - [20/Nov/2018:17:44:40 +0000] \"POST /room/reservation/12 HTTP/1.1\" 200 - \"-\" \"PostmanRuntime/7.3.0\"\n","level":"info"}
{"message":"::1 - - [20/Nov/2018:17:46:22 +0000] \"POST /room/reservation/12 HTTP/1.1\" 200 - \"-\" \"PostmanRuntime/7.3.0\"\n","level":"info"}
{"message":"::1 - - [20/Nov/2018:17:47:54 +0000] \"POST /room/reservation/12 HTTP/1.1\" 200 - \"-\" \"PostmanRuntime/7.3.0\"\n","level":"info"}
{"message":"::1 - - [20/Nov/2018:17:52:24 +0000] \"POST /room/reservation/12 HTTP/1.1\" 200 - \"-\" \"PostmanRuntime/7.3.0\"\n","level":"info"}
{"message":"::1 - - [20/Nov/2018:18:02:35 +0000] \"POST /room/reservation/12 HTTP/1.1\" 200 - \"-\" \"PostmanRuntime/7.3.0\"\n","level":"info"}
{"message":"::1 - - [20/Nov/2018:18:03:19 +0000] \"POST /room/reservation/12 HTTP/1.1\" 400 2 \"-\" \"PostmanRuntime/7.3.0\"\n","level":"info"}
{"message":"::1 - - [20/Nov/2018:18:04:09 +0000] \"POST /room/reservation/12 HTTP/1.1\" 400 2 \"-\" \"PostmanRuntime/7.3.0\"\n","level":"info"}
{"message":"::1 - - [20/Nov/2018:18:04:37 +0000] \"POST /room/reservation/12 HTTP/1.1\" 400 2 \"-\" \"PostmanRuntime/7.3.0\"\n","level":"info"}
{"message":"::1 - - [20/Nov/2018:18:05:03 +0000] \"POST /room/reservation/12 HTTP/1.1\" 400 2 \"-\" \"PostmanRuntime/7.3.0\"\n","level":"info"}
{"message":"::1 - - [20/Nov/2018:18:07:12 +0000] \"POST /room/reservation/12 HTTP/1.1\" 400 2 \"-\" \"PostmanRuntime/7.3.0\"\n","level":"info"}
{"message":"::1 - - [20/Nov/2018:18:07:56 +0000] \"POST /room/reservation/12 HTTP/1.1\" 400 2 \"-\" \"PostmanRuntime/7.3.0\"\n","level":"info"}
{"message":"::1 - - [20/Nov/2018:18:10:34 +0000] \"POST /room/reservation/12 HTTP/1.1\" 400 2 \"-\" \"PostmanRuntime/7.3.0\"\n","level":"info"}
{"message":"::1 - - [20/Nov/2018:18:12:47 +0000] \"POST /room/reservation/12 HTTP/1.1\" 400 2 \"-\" \"PostmanRuntime/7.3.0\"\n","level":"info"}
{"message":"::1 - - [20/Nov/2018:18:20:40 +0000] \"POST /room HTTP/1.1\" 200 - \"-\" \"PostmanRuntime/7.3.0\"\n","level":"info"}
{"message":"::1 - - [20/Nov/2018:18:21:09 +0000] \"POST /room/reservation/12 HTTP/1.1\" 400 2 \"-\" \"PostmanRuntime/7.3.0\"\n","level":"info"}
{"message":"::1 - - [20/Nov/2018:18:23:14 +0000] \"POST /room HTTP/1.1\" 200 - \"-\" \"PostmanRuntime/7.3.0\"\n","level":"info"}
{"message":"::1 - - [20/Nov/2018:18:25:39 +0000] \"POST /room HTTP/1.1\" 200 - \"-\" \"PostmanRuntime/7.3.0\"\n","level":"info"}
{"message":"::1 - - [20/Nov/2018:18:31:48 +0000] \"POST /room/reservation/12 HTTP/1.1\" 400 2 \"-\" \"PostmanRuntime/7.3.0\"\n","level":"info"}
{"message":"::1 - - [20/Nov/2018:18:33:19 +0000] \"POST /room HTTP/1.1\" 200 - \"-\" \"PostmanRuntime/7.3.0\"\n","level":"info"}
{"message":"::1 - - [20/Nov/2018:18:35:48 +0000] \"POST /room HTTP/1.1\" 200 - \"-\" \"PostmanRuntime/7.3.0\"\n","level":"info"}
{"message":"::1 - - [20/Nov/2018:18:35:55 +0000] \"POST /room/reservation/13 HTTP/1.1\" 400 2 \"-\" \"PostmanRuntime/7.3.0\"\n","level":"info"}
{"message":"::1 - - [20/Nov/2018:18:36:50 +0000] \"POST /room/reservation/13 HTTP/1.1\" 400 2 \"-\" \"PostmanRuntime/7.3.0\"\n","level":"info"}
{"message":"::1 - - [20/Nov/2018:18:37:27 +0000] \"POST /room HTTP/1.1\" 200 - \"-\" \"PostmanRuntime/7.3.0\"\n","level":"info"}
{"message":"::1 - - [20/Nov/2018:18:37:34 +0000] \"POST /room/reservation/13 HTTP/1.1\" 400 2 \"-\" \"PostmanRuntime/7.3.0\"\n","level":"info"}
{"message":"::1 - - [20/Nov/2018:18:37:48 +0000] \"POST /room/reservation/14 HTTP/1.1\" 400 2 \"-\" \"PostmanRuntime/7.3.0\"\n","level":"info"}
{"message":"::1 - - [20/Nov/2018:18:38:38 +0000] \"POST /room HTTP/1.1\" 200 - \"-\" \"PostmanRuntime/7.3.0\"\n","level":"info"}
{"message":"::1 - - [20/Nov/2018:18:41:53 +0000] \"POST /room HTTP/1.1\" 200 - \"-\" \"PostmanRuntime/7.3.0\"\n","level":"info"}
{"message":"::1 - - [20/Nov/2018:18:42:26 +0000] \"POST /room HTTP/1.1\" 200 - \"-\" \"PostmanRuntime/7.3.0\"\n","level":"info"}
{"message":"::1 - - [20/Nov/2018:18:42:27 +0000] \"POST /room HTTP/1.1\" 200 - \"-\" \"PostmanRuntime/7.3.0\"\n","level":"info"}
{"message":"::1 - - [20/Nov/2018:18:42:27 +0000] \"POST /room HTTP/1.1\" 200 - \"-\" \"PostmanRuntime/7.3.0\"\n","level":"info"}
{"message":"::1 - - [20/Nov/2018:18:42:28 +0000] \"POST /room HTTP/1.1\" 200 - \"-\" \"PostmanRuntime/7.3.0\"\n","level":"info"}
{"message":"::1 - - [20/Nov/2018:18:43:54 +0000] \"POST /room/reservation/14 HTTP/1.1\" 400 2 \"-\" \"PostmanRuntime/7.3.0\"\n","level":"info"}
{"message":"::1 - - [20/Nov/2018:18:46:11 +0000] \"POST /room HTTP/1.1\" 200 - \"-\" \"PostmanRuntime/7.3.0\"\n","level":"info"}
{"message":"::1 - - [20/Nov/2018:18:47:47 +0000] \"POST /room HTTP/1.1\" 200 - \"-\" \"PostmanRuntime/7.3.0\"\n","level":"info"}
{"message":"::1 - - [20/Nov/2018:18:47:49 +0000] \"POST /room HTTP/1.1\" 200 - \"-\" \"PostmanRuntime/7.3.0\"\n","level":"info"}
{"message":"::1 - - [20/Nov/2018:18:48:07 +0000] \"POST /room HTTP/1.1\" 200 - \"-\" \"PostmanRuntime/7.3.0\"\n","level":"info"}
{"message":"::1 - - [20/Nov/2018:18:49:49 +0000] \"POST /room HTTP/1.1\" 200 - \"-\" \"PostmanRuntime/7.3.0\"\n","level":"info"}
{"message":"::1 - - [20/Nov/2018:18:50:42 +0000] \"POST /room HTTP/1.1\" 200 - \"-\" \"PostmanRuntime/7.3.0\"\n","level":"info"}
{"message":"::1 - - [20/Nov/2018:18:59:51 +0000] \"POST /room HTTP/1.1\" 200 - \"-\" \"PostmanRuntime/7.3.0\"\n","level":"info"}
{"message":"::1 - - [20/Nov/2018:19:00:08 +0000] \"POST /room HTTP/1.1\" 200 - \"-\" \"PostmanRuntime/7.3.0\"\n","level":"info"}
{"message":"::1 - - [20/Nov/2018:19:15:52 +0000] \"POST /room HTTP/1.1\" 200 - \"-\" \"PostmanRuntime/7.3.0\"\n","level":"info"}
{"message":"::1 - - [20/Nov/2018:19:21:02 +0000] \"POST /room HTTP/1.1\" 200 - \"-\" \"PostmanRuntime/7.3.0\"\n","level":"info"}
{"message":"::1 - - [20/Nov/2018:19:21:36 +0000] \"POST /room HTTP/1.1\" 200 - \"-\" \"PostmanRuntime/7.3.0\"\n","level":"info"}
{"message":"::1 - - [20/Nov/2018:19:21:38 +0000] \"POST /room HTTP/1.1\" 200 - \"-\" \"PostmanRuntime/7.3.0\"\n","level":"info"}
{"message":"::1 - - [20/Nov/2018:19:24:59 +0000] \"POST /room HTTP/1.1\" 200 - \"-\" \"PostmanRuntime/7.3.0\"\n","level":"info"}
{"message":"::1 - - [20/Nov/2018:19:25:36 +0000] \"POST /room HTTP/1.1\" 200 - \"-\" \"PostmanRuntime/7.3.0\"\n","level":"info"}
{"message":"::1 - - [20/Nov/2018:19:26:13 +0000] \"POST /room HTTP/1.1\" 200 - \"-\" \"PostmanRuntime/7.3.0\"\n","level":"info"}
{"message":"::1 - - [20/Nov/2018:19:26:47 +0000] \"POST /room HTTP/1.1\" 200 - \"-\" \"PostmanRuntime/7.3.0\"\n","level":"info"}
{"message":"::1 - - [20/Nov/2018:19:29:04 +0000] \"POST /room HTTP/1.1\" 200 - \"-\" \"PostmanRuntime/7.3.0\"\n","level":"info"}
{"message":"::1 - - [20/Nov/2018:19:29:18 +0000] \"POST /room HTTP/1.1\" 200 - \"-\" \"PostmanRuntime/7.3.0\"\n","level":"info"}
{"message":"::1 - - [20/Nov/2018:19:30:05 +0000] \"POST /room HTTP/1.1\" 200 - \"-\" \"PostmanRuntime/7.3.0\"\n","level":"info"}
{"message":"::1 - - [20/Nov/2018:19:30:37 +0000] \"POST /room HTTP/1.1\" 200 - \"-\" \"PostmanRuntime/7.3.0\"\n","level":"info"}
{"message":"::1 - - [20/Nov/2018:19:51:04 +0000] \"POST /room HTTP/1.1\" 200 - \"-\" \"PostmanRuntime/7.3.0\"\n","level":"info"}
{"message":"::1 - - [20/Nov/2018:19:51:05 +0000] \"POST /room HTTP/1.1\" 200 - \"-\" \"PostmanRuntime/7.3.0\"\n","level":"info"}
{"message":"::1 - - [20/Nov/2018:19:52:38 +0000] \"POST /room HTTP/1.1\" 200 - \"-\" \"PostmanRuntime/7.3.0\"\n","level":"info"}
{"message":"::1 - - [20/Nov/2018:19:53:22 +0000] \"POST /room HTTP/1.1\" 200 - \"-\" \"PostmanRuntime/7.3.0\"\n","level":"info"}
{"message":"::1 - - [20/Nov/2018:19:54:54 +0000] \"POST /room HTTP/1.1\" 200 - \"-\" \"PostmanRuntime/7.3.0\"\n","level":"info"}
{"message":"::1 - - [20/Nov/2018:19:55:32 +0000] \"POST /room HTTP/1.1\" 200 - \"-\" \"PostmanRuntime/7.3.0\"\n","level":"info"}
{"message":"::1 - - [20/Nov/2018:19:56:24 +0000] \"POST /room HTTP/1.1\" 200 - \"-\" \"PostmanRuntime/7.3.0\"\n","level":"info"}
{"message":"::1 - - [23/Nov/2018:10:45:04 +0000] \"POST /room/reservation/13 HTTP/1.1\" 200 - \"-\" \"PostmanRuntime/7.3.0\"\n","level":"info"}
{"message":"::1 - - [23/Nov/2018:10:46:42 +0000] \"POST /room/reservation/13 HTTP/1.1\" 200 - \"-\" \"PostmanRuntime/7.3.0\"\n","level":"info"}
{"message":"::1 - - [23/Nov/2018:10:51:27 +0000] \"POST /room/reservation/13 HTTP/1.1\" 200 - \"-\" \"PostmanRuntime/7.3.0\"\n","level":"info"}
{"message":"::1 - - [23/Nov/2018:10:52:35 +0000] \"POST /room/reservation/13 HTTP/1.1\" 200 - \"-\" \"PostmanRuntime/7.3.0\"\n","level":"info"}
{"message":"::1 - - [23/Nov/2018:10:53:23 +0000] \"POST /room/reservation/1 HTTP/1.1\" 400 - \"-\" \"PostmanRuntime/7.3.0\"\n","level":"info"}
{"message":"::1 - - [23/Nov/2018:10:54:15 +0000] \"POST /room/reservation/1 HTTP/1.1\" 400 22 \"-\" \"PostmanRuntime/7.3.0\"\n","level":"info"}
{"message":"::1 - - [23/Nov/2018:10:54:21 +0000] \"POST /room/reservation/13 HTTP/1.1\" 200 - \"-\" \"PostmanRuntime/7.3.0\"\n","level":"info"}
{"message":"::1 - - [23/Nov/2018:10:55:29 +0000] \"POST /room/reservation/13 HTTP/1.1\" 200 - \"-\" \"PostmanRuntime/7.3.0\"\n","level":"info"}
{"message":"::1 - - [23/Nov/2018:10:56:07 +0000] \"POST /room/reservation/13 HTTP/1.1\" 200 - \"-\" \"PostmanRuntime/7.3.0\"\n","level":"info"}
{"message":"::1 - - [23/Nov/2018:10:56:40 +0000] \"POST /room/reservation/13 HTTP/1.1\" 200 - \"-\" \"PostmanRuntime/7.3.0\"\n","level":"info"}
{"message":"::1 - - [23/Nov/2018:11:11:57 +0000] \"POST /room/reservation/13 HTTP/1.1\" 200 - \"-\" \"PostmanRuntime/7.3.0\"\n","level":"info"}
{"message":"::1 - - [23/Nov/2018:11:12:29 +0000] \"POST /room/reservation/13 HTTP/1.1\" 200 - \"-\" \"PostmanRuntime/7.3.0\"\n","level":"info"}
{"message":"::1 - - [23/Nov/2018:11:14:01 +0000] \"POST /room/reservation/13 HTTP/1.1\" 200 - \"-\" \"PostmanRuntime/7.3.0\"\n","level":"info"}
{"message":"::1 - - [23/Nov/2018:11:16:57 +0000] \"POST /room/reservation/13 HTTP/1.1\" 200 - \"-\" \"PostmanRuntime/7.3.0\"\n","level":"info"}
{"message":"::1 - - [23/Nov/2018:11:18:59 +0000] \"POST /room/reservation/13 HTTP/1.1\" 200 - \"-\" \"PostmanRuntime/7.3.0\"\n","level":"info"}
{"message":"::1 - - [23/Nov/2018:11:19:10 +0000] \"POST /room/reservation/13 HTTP/1.1\" 200 - \"-\" \"PostmanRuntime/7.3.0\"\n","level":"info"}
{"message":"::1 - - [23/Nov/2018:11:19:30 +0000] \"POST /room/reservation/13 HTTP/1.1\" 200 - \"-\" \"PostmanRuntime/7.3.0\"\n","level":"info"}
{"message":"::1 - - [23/Nov/2018:11:34:58 +0000] \"POST /room/reservation/13 HTTP/1.1\" 200 - \"-\" \"PostmanRuntime/7.3.0\"\n","level":"info"}
{"message":"::1 - - [23/Nov/2018:11:35:51 +0000] \"POST /room/reservation/13 HTTP/1.1\" 400 2 \"-\" \"PostmanRuntime/7.3.0\"\n","level":"info"}
{"message":"::1 - - [23/Nov/2018:11:36:41 +0000] \"POST /room/reservation/13 HTTP/1.1\" 400 2 \"-\" \"PostmanRuntime/7.3.0\"\n","level":"info"}
{"message":"::1 - - [23/Nov/2018:11:40:23 +0000] \"POST /room/reservation/13 HTTP/1.1\" 400 2 \"-\" \"PostmanRuntime/7.3.0\"\n","level":"info"}
{"message":"::1 - - [23/Nov/2018:11:41:34 +0000] \"POST /room/reservation/13 HTTP/1.1\" 400 2 \"-\" \"PostmanRuntime/7.3.0\"\n","level":"info"}
{"message":"::1 - - [23/Nov/2018:11:42:50 +0000] \"POST /room/reservation/13 HTTP/1.1\" 400 2 \"-\" \"PostmanRuntime/7.3.0\"\n","level":"info"}
{"message":"::1 - - [23/Nov/2018:11:42:55 +0000] \"POST /room/reservation/13 HTTP/1.1\" 400 2 \"-\" \"PostmanRuntime/7.3.0\"\n","level":"info"}
{"message":"::1 - - [23/Nov/2018:11:43:14 +0000] \"POST /room/reservation/13 HTTP/1.1\" 400 2 \"-\" \"PostmanRuntime/7.3.0\"\n","level":"info"}
{"message":"::1 - - [23/Nov/2018:11:43:53 +0000] \"POST /room/reservation/13 HTTP/1.1\" 400 2 \"-\" \"PostmanRuntime/7.3.0\"\n","level":"info"}
{"message":"::1 - - [23/Nov/2018:11:46:20 +0000] \"POST /room/reservation/13 HTTP/1.1\" 400 2 \"-\" \"PostmanRuntime/7.3.0\"\n","level":"info"}
{"message":"::1 - - [23/Nov/2018:11:46:44 +0000] \"POST /room/reservation/13 HTTP/1.1\" 400 2 \"-\" \"PostmanRuntime/7.3.0\"\n","level":"info"}
{"message":"::1 - - [23/Nov/2018:11:48:19 +0000] \"POST /room/reservation/13 HTTP/1.1\" 400 2 \"-\" \"PostmanRuntime/7.3.0\"\n","level":"info"}
{"message":"::1 - - [23/Nov/2018:11:49:37 +0000] \"POST /room/reservation/13 HTTP/1.1\" 400 2 \"-\" \"PostmanRuntime/7.3.0\"\n","level":"info"}
{"message":"::1 - - [23/Nov/2018:11:51:11 +0000] \"POST /room/reservation/13 HTTP/1.1\" 400 2 \"-\" \"PostmanRuntime/7.3.0\"\n","level":"info"}
{"message":"::1 - - [23/Nov/2018:11:52:36 +0000] \"POST /room/reservation/13 HTTP/1.1\" 400 2 \"-\" \"PostmanRuntime/7.3.0\"\n","level":"info"}
{"message":"::1 - - [23/Nov/2018:11:53:05 +0000] \"POST /room/reservation/13 HTTP/1.1\" 400 2 \"-\" \"PostmanRuntime/7.3.0\"\n","level":"info"}
{"message":"::1 - - [23/Nov/2018:11:53:11 +0000] \"POST /room/reservation/13 HTTP/1.1\" 400 2 \"-\" \"PostmanRuntime/7.3.0\"\n","level":"info"}
{"message":"::1 - - [23/Nov/2018:11:54:33 +0000] \"POST /room/reservation/13 HTTP/1.1\" 400 2 \"-\" \"PostmanRuntime/7.3.0\"\n","level":"info"}
{"message":"::1 - - [23/Nov/2018:11:54:54 +0000] \"POST /room/reservation/13 HTTP/1.1\" 400 2 \"-\" \"PostmanRuntime/7.3.0\"\n","level":"info"}
{"message":"::1 - - [23/Nov/2018:11:55:13 +0000] \"POST /room/reservation/13 HTTP/1.1\" 400 2 \"-\" \"PostmanRuntime/7.3.0\"\n","level":"info"}
{"message":"::1 - - [23/Nov/2018:11:55:58 +0000] \"POST /room/reservation/13 HTTP/1.1\" 400 2 \"-\" \"PostmanRuntime/7.3.0\"\n","level":"info"}
{"message":"::1 - - [23/Nov/2018:11:56:53 +0000] \"POST /room/reservation/13 HTTP/1.1\" 400 2 \"-\" \"PostmanRuntime/7.3.0\"\n","level":"info"}
{"message":"::1 - - [23/Nov/2018:11:57:21 +0000] \"POST /room/reservation/13 HTTP/1.1\" 400 2 \"-\" \"PostmanRuntime/7.3.0\"\n","level":"info"}
{"message":"::1 - - [23/Nov/2018:12:08:09 +0000] \"POST /room/reservation/13 HTTP/1.1\" 400 2 \"-\" \"PostmanRuntime/7.3.0\"\n","level":"info"}
{"message":"::1 - - [23/Nov/2018:12:12:06 +0000] \"POST /room/reservation/13 HTTP/1.1\" 400 2 \"-\" \"PostmanRuntime/7.3.0\"\n","level":"info"}
{"message":"::1 - - [23/Nov/2018:12:15:35 +0000] \"POST /room/reservation/13 HTTP/1.1\" 400 21 \"-\" \"PostmanRuntime/7.3.0\"\n","level":"info"}
{"message":"::1 - - [23/Nov/2018:12:15:54 +0000] \"POST /room/reservation/13 HTTP/1.1\" 400 2 \"-\" \"PostmanRuntime/7.3.0\"\n","level":"info"}
{"message":"::1 - - [23/Nov/2018:12:16:29 +0000] \"POST /room/reservation/13 HTTP/1.1\" 200 - \"-\" \"PostmanRuntime/7.3.0\"\n","level":"info"}
{"message":"::1 - - [23/Nov/2018:12:27:50 +0000] \"POST /room/reservation/13 HTTP/1.1\" 200 - \"-\" \"PostmanRuntime/7.3.0\"\n","level":"info"}
{"message":"::1 - - [23/Nov/2018:12:28:15 +0000] \"POST /room/reservation/13 HTTP/1.1\" 400 21 \"-\" \"PostmanRuntime/7.3.0\"\n","level":"info"}
{"message":"::1 - - [23/Nov/2018:12:28:22 +0000] \"POST /room/reservation/13 HTTP/1.1\" 200 - \"-\" \"PostmanRuntime/7.3.0\"\n","level":"info"}
{"message":"::1 - - [23/Nov/2018:12:29:03 +0000] \"POST /room/reservation/13 HTTP/1.1\" 400 21 \"-\" \"PostmanRuntime/7.3.0\"\n","level":"info"}
{"message":"::1 - - [23/Nov/2018:12:29:13 +0000] \"POST /room/reservation/13 HTTP/1.1\" 200 - \"-\" \"PostmanRuntime/7.3.0\"\n","level":"info"}
{"message":"::1 - - [23/Nov/2018:12:30:12 +0000] \"POST /room/reservation/13 HTTP/1.1\" 200 - \"-\" \"PostmanRuntime/7.3.0\"\n","level":"info"}
{"message":"::1 - - [23/Nov/2018:12:30:47 +0000] \"POST /room/reservation/13 HTTP/1.1\" 400 2 \"-\" \"PostmanRuntime/7.3.0\"\n","level":"info"}
{"message":"::1 - - [23/Nov/2018:12:31:18 +0000] \"POST /room/reservation/13 HTTP/1.1\" 200 - \"-\" \"PostmanRuntime/7.3.0\"\n","level":"info"}
{"message":"::1 - - [23/Nov/2018:12:31:39 +0000] \"POST /room/reservation/13 HTTP/1.1\" 200 - \"-\" \"PostmanRuntime/7.3.0\"\n","level":"info"}
{"message":"::1 - - [23/Nov/2018:12:32:23 +0000] \"POST /room/reservation/13 HTTP/1.1\" 200 - \"-\" \"PostmanRuntime/7.3.0\"\n","level":"info"}
{"message":"::1 - - [23/Nov/2018:12:36:11 +0000] \"POST /room/reservation/13 HTTP/1.1\" 400 21 \"-\" \"PostmanRuntime/7.3.0\"\n","level":"info"}
{"message":"::1 - - [23/Nov/2018:12:36:20 +0000] \"POST /room/reservation/13 HTTP/1.1\" 200 - \"-\" \"PostmanRuntime/7.3.0\"\n","level":"info"}
{"message":"::1 - - [23/Nov/2018:12:41:10 +0000] \"POST /room/reservation/13 HTTP/1.1\" 200 - \"-\" \"PostmanRuntime/7.3.0\"\n","level":"info"}
{"message":"::1 - - [23/Nov/2018:12:44:06 +0000] \"POST /room/reservation/13 HTTP/1.1\" 200 - \"-\" \"PostmanRuntime/7.3.0\"\n","level":"info"}
{"message":"::1 - - [23/Nov/2018:12:45:05 +0000] \"POST /room/reservation/13 HTTP/1.1\" 200 - \"-\" \"PostmanRuntime/7.3.0\"\n","level":"info"}
{"message":"::1 - - [23/Nov/2018:12:45:11 +0000] \"POST /room/reservation/13 HTTP/1.1\" 200 - \"-\" \"PostmanRuntime/7.3.0\"\n","level":"info"}
{"message":"::1 - - [23/Nov/2018:12:45:45 +0000] \"POST /room/reservation/13 HTTP/1.1\" 200 - \"-\" \"PostmanRuntime/7.3.0\"\n","level":"info"}
{"message":"::1 - - [23/Nov/2018:12:45:48 +0000] \"POST /room/reservation/13 HTTP/1.1\" 200 - \"-\" \"PostmanRuntime/7.3.0\"\n","level":"info"}
{"message":"::1 - - [23/Nov/2018:12:45:49 +0000] \"POST /room/reservation/13 HTTP/1.1\" 200 - \"-\" \"PostmanRuntime/7.3.0\"\n","level":"info"}
{"message":"::1 - - [23/Nov/2018:12:45:50 +0000] \"POST /room/reservation/13 HTTP/1.1\" 200 - \"-\" \"PostmanRuntime/7.3.0\"\n","level":"info"}
{"message":"::1 - - [23/Nov/2018:12:46:30 +0000] \"POST /room/reservation/13 HTTP/1.1\" 200 - \"-\" \"PostmanRuntime/7.3.0\"\n","level":"info"}
{"message":"::1 - - [23/Nov/2018:12:48:06 +0000] \"POST /room/reservation/13 HTTP/1.1\" 200 - \"-\" \"PostmanRuntime/7.3.0\"\n","level":"info"}
{"message":"::1 - - [23/Nov/2018:12:48:07 +0000] \"POST /room/reservation/13 HTTP/1.1\" 200 - \"-\" \"PostmanRuntime/7.3.0\"\n","level":"info"}
{"message":"::1 - - [23/Nov/2018:12:48:08 +0000] \"POST /room/reservation/13 HTTP/1.1\" 200 - \"-\" \"PostmanRuntime/7.3.0\"\n","level":"info"}
{"message":"::1 - - [23/Nov/2018:12:48:09 +0000] \"POST /room/reservation/13 HTTP/1.1\" 200 - \"-\" \"PostmanRuntime/7.3.0\"\n","level":"info"}
{"message":"::1 - - [23/Nov/2018:12:48:09 +0000] \"POST /room/reservation/13 HTTP/1.1\" 200 - \"-\" \"PostmanRuntime/7.3.0\"\n","level":"info"}
{"message":"::1 - - [23/Nov/2018:12:48:09 +0000] \"POST /room/reservation/13 HTTP/1.1\" 200 - \"-\" \"PostmanRuntime/7.3.0\"\n","level":"info"}
{"message":"::1 - - [23/Nov/2018:12:48:10 +0000] \"POST /room/reservation/13 HTTP/1.1\" 200 - \"-\" \"PostmanRuntime/7.3.0\"\n","level":"info"}
{"message":"::1 - - [23/Nov/2018:12:49:55 +0000] \"POST /room/reservation/13 HTTP/1.1\" 200 - \"-\" \"PostmanRuntime/7.3.0\"\n","level":"info"}
{"message":"::1 - - [23/Nov/2018:12:51:55 +0000] \"POST /room/reservation/13 HTTP/1.1\" 200 - \"-\" \"PostmanRuntime/7.3.0\"\n","level":"info"}
{"message":"::1 - - [23/Nov/2018:12:54:32 +0000] \"POST /room/reservation/13 HTTP/1.1\" 400 22 \"-\" \"PostmanRuntime/7.3.0\"\n","level":"info"}
{"message":"::1 - - [23/Nov/2018:12:55:27 +0000] \"POST /room/ HTTP/1.1\" 200 - \"-\" \"PostmanRuntime/7.3.0\"\n","level":"info"}
{"message":"::1 - - [23/Nov/2018:12:55:33 +0000] \"POST /room/reservation/13 HTTP/1.1\" 200 - \"-\" \"PostmanRuntime/7.3.0\"\n","level":"info"}
{"message":"::1 - - [23/Nov/2018:12:56:31 +0000] \"POST /room/reservation/13 HTTP/1.1\" 400 14 \"-\" \"PostmanRuntime/7.3.0\"\n","level":"info"}
{"message":"::1 - - [23/Nov/2018:12:57:47 +0000] \"POST /room/reservation/13 HTTP/1.1\" 200 5 \"-\" \"PostmanRuntime/7.3.0\"\n","level":"info"}
{"message":"::1 - - [23/Nov/2018:12:58:39 +0000] \"POST /room/reservation/13 HTTP/1.1\" 400 599 \"-\" \"PostmanRuntime/7.3.0\"\n","level":"info"}
{"message":"::1 - - [23/Nov/2018:12:59:44 +0000] \"POST /room/reservation/13 HTTP/1.1\" 400 606 \"-\" \"PostmanRuntime/7.3.0\"\n","level":"info"}
{"message":"::1 - - [23/Nov/2018:12:59:55 +0000] \"POST /room/reservation/13 HTTP/1.1\" 400 606 \"-\" \"PostmanRuntime/7.3.0\"\n","level":"info"}
{"message":"::1 - - [23/Nov/2018:13:00:14 +0000] \"POST /room/reservation/13 HTTP/1.1\" 200 518 \"-\" \"PostmanRuntime/7.3.0\"\n","level":"info"}
{"message":"::1 - - [23/Nov/2018:13:01:40 +0000] \"POST /room/reservation/13 HTTP/1.1\" 400 21 \"-\" \"PostmanRuntime/7.3.0\"\n","level":"info"}
{"message":"::1 - - [23/Nov/2018:13:01:49 +0000] \"POST /room/reservation/13 HTTP/1.1\" 200 5 \"-\" \"PostmanRuntime/7.3.0\"\n","level":"info"}
{"message":"::1 - - [23/Nov/2018:15:24:07 +0000] \"DELETE /room/reservation/12/room/34 HTTP/1.1\" 200 2 \"-\" \"PostmanRuntime/7.3.0\"\n","level":"info"}
{"message":"::1 - - [23/Nov/2018:15:24:43 +0000] \"DELETE /room/reservation/12/room/34 HTTP/1.1\" 200 2 \"-\" \"PostmanRuntime/7.3.0\"\n","level":"info"}
{"message":"::1 - - [23/Nov/2018:16:08:58 +0000] \"DELETE /room/reservation/YYtMR/room/13 HTTP/1.1\" - - \"-\" \"PostmanRuntime/7.3.0\"\n","level":"info"}
{"message":"::1 - - [23/Nov/2018:16:10:55 +0000] \"DELETE /room/reservation/YYtMR/room/13 HTTP/1.1\" - - \"-\" \"PostmanRuntime/7.3.0\"\n","level":"info"}
{"message":"::1 - - [23/Nov/2018:16:17:01 +0000] \"DELETE /room/reservation/YYtMR/room/13 HTTP/1.1\" - - \"-\" \"PostmanRuntime/7.3.0\"\n","level":"info"}
{"message":"::1 - - [23/Nov/2018:16:23:42 +0000] \"DELETE /room/reservation/YYtMR/room/13 HTTP/1.1\" - - \"-\" \"PostmanRuntime/7.3.0\"\n","level":"info"}
{"message":"::1 - - [23/Nov/2018:16:26:09 +0000] \"POST /room/ HTTP/1.1\" 200 - \"-\" \"PostmanRuntime/7.3.0\"\n","level":"info"}
{"message":"::1 - - [23/Nov/2018:16:26:15 +0000] \"POST /room/reservation/13 HTTP/1.1\" 200 5 \"-\" \"PostmanRuntime/7.3.0\"\n","level":"info"}
{"message":"::1 - - [23/Nov/2018:16:26:28 +0000] \"DELETE /room/reservation/YYtMR/room/13 HTTP/1.1\" - - \"-\" \"PostmanRuntime/7.3.0\"\n","level":"info"}
{"message":"::1 - - [23/Nov/2018:16:27:36 +0000] \"DELETE /room/reservation/SG9np/room/13 HTTP/1.1\" - - \"-\" \"PostmanRuntime/7.3.0\"\n","level":"info"}
{"message":"::1 - - [23/Nov/2018:16:29:48 +0000] \"DELETE /room/reservation/SG9np/room/13 HTTP/1.1\" 400 2 \"-\" \"PostmanRuntime/7.3.0\"\n","level":"info"}
{"message":"::1 - - [23/Nov/2018:16:30:36 +0000] \"DELETE /room/reservation/SG9np/room/13 HTTP/1.1\" 400 2 \"-\" \"PostmanRuntime/7.3.0\"\n","level":"info"}
{"message":"::1 - - [23/Nov/2018:16:35:39 +0000] \"DELETE /room/reservation/SG9np/room/13 HTTP/1.1\" 400 105 \"-\" \"PostmanRuntime/7.3.0\"\n","level":"info"}
{"message":"::1 - - [23/Nov/2018:16:49:07 +0000] \"DELETE /room/reservation/SG9np/room/13 HTTP/1.1\" - - \"-\" \"PostmanRuntime/7.3.0\"\n","level":"info"}
{"message":"::1 - - [23/Nov/2018:17:01:21 +0000] \"DELETE /room/reservation/SG9np/room/13 HTTP/1.1\" 200 7 \"-\" \"PostmanRuntime/7.3.0\"\n","level":"info"}
{"message":"::1 - - [23/Nov/2018:17:03:08 +0000] \"DELETE /room/reservation/SG9np/room/13 HTTP/1.1\" 200 7 \"-\" \"PostmanRuntime/7.3.0\"\n","level":"info"}
{"message":"::1 - - [23/Nov/2018:17:03:10 +0000] \"DELETE /room/reservation/SG9np/room/13 HTTP/1.1\" 200 7 \"-\" \"PostmanRuntime/7.3.0\"\n","level":"info"}
{"message":"::1 - - [23/Nov/2018:17:04:47 +0000] \"DELETE /room/reservation/SG9np/room/13 HTTP/1.1\" 200 7 \"-\" \"PostmanRuntime/7.3.0\"\n","level":"info"}
{"message":"::1 - - [23/Nov/2018:17:06:56 +0000] \"DELETE /room/reservation/SG9np/room/13 HTTP/1.1\" 200 7 \"-\" \"PostmanRuntime/7.3.0\"\n","level":"info"}
{"message":"::1 - - [23/Nov/2018:17:08:16 +0000] \"DELETE /room/reservation/SG9np/room/13 HTTP/1.1\" 200 7 \"-\" \"PostmanRuntime/7.3.0\"\n","level":"info"}
{"message":"::1 - - [23/Nov/2018:17:09:29 +0000] \"DELETE /room/reservation/SG9np/room/13 HTTP/1.1\" 200 7 \"-\" \"PostmanRuntime/7.3.0\"\n","level":"info"}
{"message":"::1 - - [23/Nov/2018:17:09:57 +0000] \"POST /room/reservation/13 HTTP/1.1\" 200 5 \"-\" \"PostmanRuntime/7.3.0\"\n","level":"info"}
{"message":"::1 - - [23/Nov/2018:17:10:24 +0000] \"DELETE /room/reservation/4YQZa/room/13 HTTP/1.1\" 200 7 \"-\" \"PostmanRuntime/7.3.0\"\n","level":"info"}
{"message":"::1 - - [23/Nov/2018:22:19:01 +0000] \"POST /room/ HTTP/1.1\" 200 - \"-\" \"PostmanRuntime/7.3.0\"\n","level":"info"}
{"message":"::1 - - [23/Nov/2018:22:39:11 +0000] \"POST /client/signup HTTP/1.1\" 400 358 \"-\" \"PostmanRuntime/7.3.0\"\n","level":"info"}
{"message":"::1 - - [23/Nov/2018:22:40:00 +0000] \"POST /client/signup HTTP/1.1\" 400 358 \"-\" \"PostmanRuntime/7.3.0\"\n","level":"info"}
{"message":"::1 - - [23/Nov/2018:22:41:14 +0000] \"POST /client/signup HTTP/1.1\" 400 2 \"-\" \"PostmanRuntime/7.3.0\"\n","level":"info"}
{"message":"::1 - - [23/Nov/2018:22:42:34 +0000] \"POST /client/signup HTTP/1.1\" 400 2 \"-\" \"PostmanRuntime/7.3.0\"\n","level":"info"}
{"message":"::1 - - [23/Nov/2018:22:45:54 +0000] \"POST /client/signup HTTP/1.1\" 400 2 \"-\" \"PostmanRuntime/7.3.0\"\n","level":"info"}
{"message":"::1 - - [23/Nov/2018:22:46:18 +0000] \"POST /client/signup HTTP/1.1\" 400 2 \"-\" \"PostmanRuntime/7.3.0\"\n","level":"info"}
{"message":"::1 - - [23/Nov/2018:22:46:22 +0000] \"POST /client/signup HTTP/1.1\" 400 2 \"-\" \"PostmanRuntime/7.3.0\"\n","level":"info"}
{"message":"::1 - - [23/Nov/2018:22:46:23 +0000] \"POST /client/signup HTTP/1.1\" 400 2 \"-\" \"PostmanRuntime/7.3.0\"\n","level":"info"}
{"message":"::1 - - [23/Nov/2018:22:46:23 +0000] \"POST /client/signup HTTP/1.1\" 400 2 \"-\" \"PostmanRuntime/7.3.0\"\n","level":"info"}
{"message":"::1 - - [23/Nov/2018:22:46:24 +0000] \"POST /client/signup HTTP/1.1\" 400 2 \"-\" \"PostmanRuntime/7.3.0\"\n","level":"info"}
{"message":"::1 - - [23/Nov/2018:22:46:24 +0000] \"POST /client/signup HTTP/1.1\" 400 2 \"-\" \"PostmanRuntime/7.3.0\"\n","level":"info"}
{"message":"::1 - - [23/Nov/2018:22:46:24 +0000] \"POST /client/signup HTTP/1.1\" 400 2 \"-\" \"PostmanRuntime/7.3.0\"\n","level":"info"}
{"message":"::1 - - [23/Nov/2018:22:49:03 +0000] \"POST /client/signup HTTP/1.1\" 400 2 \"-\" \"PostmanRuntime/7.3.0\"\n","level":"info"}
{"message":"::1 - - [23/Nov/2018:22:49:21 +0000] \"POST /client/signup HTTP/1.1\" 400 2 \"-\" \"PostmanRuntime/7.3.0\"\n","level":"info"}
{"message":"::1 - - [23/Nov/2018:22:49:50 +0000] \"POST /client/signup HTTP/1.1\" 400 2 \"-\" \"PostmanRuntime/7.3.0\"\n","level":"info"}
{"message":"::1 - - [23/Nov/2018:22:50:53 +0000] \"POST /client/signup HTTP/1.1\" 400 2 \"-\" \"PostmanRuntime/7.3.0\"\n","level":"info"}
{"message":"::1 - - [23/Nov/2018:22:51:17 +0000] \"POST /client/signup HTTP/1.1\" 400 2 \"-\" \"PostmanRuntime/7.3.0\"\n","level":"info"}
{"message":"::1 - - [23/Nov/2018:22:51:34 +0000] \"POST /client/signup HTTP/1.1\" 400 2 \"-\" \"PostmanRuntime/7.3.0\"\n","level":"info"}
{"message":"::1 - - [23/Nov/2018:22:51:35 +0000] \"POST /client/signup HTTP/1.1\" 400 2 \"-\" \"PostmanRuntime/7.3.0\"\n","level":"info"}
{"message":"::1 - - [23/Nov/2018:22:52:04 +0000] \"POST /client/signup HTTP/1.1\" 400 2 \"-\" \"PostmanRuntime/7.3.0\"\n","level":"info"}
{"message":"::1 - - [23/Nov/2018:22:52:30 +0000] \"POST /client/signup HTTP/1.1\" 400 2 \"-\" \"PostmanRuntime/7.3.0\"\n","level":"info"}
{"message":"::1 - - [23/Nov/2018:22:52:34 +0000] \"POST /client/signup HTTP/1.1\" 400 2 \"-\" \"PostmanRuntime/7.3.0\"\n","level":"info"}
{"message":"::1 - - [23/Nov/2018:22:52:35 +0000] \"POST /client/signup HTTP/1.1\" 400 2 \"-\" \"PostmanRuntime/7.3.0\"\n","level":"info"}
{"message":"::1 - - [23/Nov/2018:22:52:35 +0000] \"POST /client/signup HTTP/1.1\" 400 2 \"-\" \"PostmanRuntime/7.3.0\"\n","level":"info"}
{"message":"::1 - - [23/Nov/2018:22:52:36 +0000] \"POST /client/signup HTTP/1.1\" 400 2 \"-\" \"PostmanRuntime/7.3.0\"\n","level":"info"}
{"message":"::1 - - [23/Nov/2018:22:56:32 +0000] \"POST /client/signup HTTP/1.1\" 400 2 \"-\" \"PostmanRuntime/7.3.0\"\n","level":"info"}
{"message":"::1 - - [23/Nov/2018:22:56:34 +0000] \"POST /client/signup HTTP/1.1\" 400 2 \"-\" \"PostmanRuntime/7.3.0\"\n","level":"info"}
{"message":"::1 - - [23/Nov/2018:22:58:03 +0000] \"POST /client/signup HTTP/1.1\" 400 2 \"-\" \"PostmanRuntime/7.3.0\"\n","level":"info"}
{"message":"::1 - - [23/Nov/2018:22:59:39 +0000] \"POST /client/signup HTTP/1.1\" 400 2 \"-\" \"PostmanRuntime/7.3.0\"\n","level":"info"}
{"message":"::1 - - [23/Nov/2018:23:00:21 +0000] \"POST /client/signup HTTP/1.1\" 400 2 \"-\" \"PostmanRuntime/7.3.0\"\n","level":"info"}
{"message":"::1 - - [23/Nov/2018:23:00:48 +0000] \"POST /client/signup HTTP/1.1\" 400 2 \"-\" \"PostmanRuntime/7.3.0\"\n","level":"info"}
{"message":"::1 - - [23/Nov/2018:23:01:42 +0000] \"POST /client/signup HTTP/1.1\" 400 2 \"-\" \"PostmanRuntime/7.3.0\"\n","level":"info"}
{"message":"::1 - - [23/Nov/2018:23:01:45 +0000] \"POST /client/signup HTTP/1.1\" 400 2 \"-\" \"PostmanRuntime/7.3.0\"\n","level":"info"}
{"message":"::1 - - [23/Nov/2018:23:01:45 +0000] \"POST /client/signup HTTP/1.1\" 400 2 \"-\" \"PostmanRuntime/7.3.0\"\n","level":"info"}
{"message":"::1 - - [23/Nov/2018:23:01:46 +0000] \"POST /client/signup HTTP/1.1\" 400 2 \"-\" \"PostmanRuntime/7.3.0\"\n","level":"info"}
{"message":"::1 - - [23/Nov/2018:23:03:42 +0000] \"POST /client/signup HTTP/1.1\" 400 2 \"-\" \"PostmanRuntime/7.3.0\"\n","level":"info"}
{"message":"::1 - - [24/Nov/2018:08:32:10 +0000] \"POST /client/signup HTTP/1.1\" 400 2 \"-\" \"PostmanRuntime/7.3.0\"\n","level":"info"}
{"message":"::1 - - [24/Nov/2018:08:32:59 +0000] \"POST /client/signup HTTP/1.1\" 400 2 \"-\" \"PostmanRuntime/7.3.0\"\n","level":"info"}
{"message":"::1 - - [24/Nov/2018:08:33:40 +0000] \"POST /client/signup HTTP/1.1\" 400 2 \"-\" \"PostmanRuntime/7.3.0\"\n","level":"info"}
{"message":"::1 - - [24/Nov/2018:08:39:27 +0000] \"POST /client/signup HTTP/1.1\" 400 355 \"-\" \"PostmanRuntime/7.3.0\"\n","level":"info"}
{"message":"::1 - - [24/Nov/2018:08:40:51 +0000] \"POST /client/signup HTTP/1.1\" 400 355 \"-\" \"PostmanRuntime/7.3.0\"\n","level":"info"}
{"message":"::1 - - [24/Nov/2018:08:42:18 +0000] \"POST /client/signup HTTP/1.1\" 400 355 \"-\" \"PostmanRuntime/7.3.0\"\n","level":"info"}
{"message":"::1 - - [24/Nov/2018:08:42:49 +0000] \"POST /client/signup HTTP/1.1\" 400 355 \"-\" \"PostmanRuntime/7.3.0\"\n","level":"info"}
{"message":"::1 - - [24/Nov/2018:08:44:16 +0000] \"POST /client/signup HTTP/1.1\" 400 355 \"-\" \"PostmanRuntime/7.3.0\"\n","level":"info"}
{"message":"::1 - - [24/Nov/2018:08:46:37 +0000] \"POST /client/signup HTTP/1.1\" 400 355 \"-\" \"PostmanRuntime/7.3.0\"\n","level":"info"}
{"message":"::1 - - [24/Nov/2018:08:48:18 +0000] \"POST /client/signup HTTP/1.1\" 200 392 \"-\" \"PostmanRuntime/7.3.0\"\n","level":"info"}
{"message":"::1 - - [24/Nov/2018:08:48:51 +0000] \"POST /client/signup HTTP/1.1\" 200 392 \"-\" \"PostmanRuntime/7.3.0\"\n","level":"info"}
{"message":"::1 - - [24/Nov/2018:09:12:41 +0000] \"POST /client/login HTTP/1.1\" 400 - \"-\" \"PostmanRuntime/7.3.0\"\n","level":"info"}
{"message":"::1 - - [24/Nov/2018:09:13:28 +0000] \"POST /client/login HTTP/1.1\" 400 - \"-\" \"PostmanRuntime/7.3.0\"\n","level":"info"}
{"message":"::1 - - [24/Nov/2018:09:14:14 +0000] \"POST /client/login HTTP/1.1\" 400 - \"-\" \"PostmanRuntime/7.3.0\"\n","level":"info"}
{"message":"::1 - - [24/Nov/2018:09:14:58 +0000] \"POST /client/login HTTP/1.1\" 400 - \"-\" \"PostmanRuntime/7.3.0\"\n","level":"info"}
{"message":"::1 - - [24/Nov/2018:09:15:45 +0000] \"POST /client/login HTTP/1.1\" 400 - \"-\" \"PostmanRuntime/7.3.0\"\n","level":"info"}
{"message":"::1 - - [24/Nov/2018:09:16:51 +0000] \"POST /client/login HTTP/1.1\" 400 - \"-\" \"PostmanRuntime/7.3.0\"\n","level":"info"}
{"message":"::1 - - [24/Nov/2018:09:17:01 +0000] \"POST /client/login HTTP/1.1\" 400 - \"-\" \"PostmanRuntime/7.3.0\"\n","level":"info"}
{"message":"::1 - - [24/Nov/2018:09:17:04 +0000] \"POST /client/login HTTP/1.1\" 400 - \"-\" \"PostmanRuntime/7.3.0\"\n","level":"info"}
{"message":"::1 - - [24/Nov/2018:09:18:02 +0000] \"POST /client/login HTTP/1.1\" 400 - \"-\" \"PostmanRuntime/7.3.0\"\n","level":"info"}
{"message":"::1 - - [24/Nov/2018:09:18:30 +0000] \"POST /client/login HTTP/1.1\" 400 - \"-\" \"PostmanRuntime/7.3.0\"\n","level":"info"}
{"message":"::1 - - [24/Nov/2018:09:19:08 +0000] \"POST /client/login HTTP/1.1\" 400 - \"-\" \"PostmanRuntime/7.3.0\"\n","level":"info"}
{"message":"::1 - - [24/Nov/2018:09:19:24 +0000] \"POST /client/login HTTP/1.1\" 400 - \"-\" \"PostmanRuntime/7.3.0\"\n","level":"info"}
{"message":"::1 - - [24/Nov/2018:09:19:42 +0000] \"POST /client/login HTTP/1.1\" 400 - \"-\" \"PostmanRuntime/7.3.0\"\n","level":"info"}
{"message":"::1 - - [24/Nov/2018:09:19:44 +0000] \"POST /client/login HTTP/1.1\" 400 - \"-\" \"PostmanRuntime/7.3.0\"\n","level":"info"}
{"message":"::1 - - [24/Nov/2018:09:21:13 +0000] \"POST /client/login HTTP/1.1\" 400 - \"-\" \"PostmanRuntime/7.3.0\"\n","level":"info"}
{"message":"::1 - - [24/Nov/2018:09:21:51 +0000] \"POST /client/login HTTP/1.1\" 400 31 \"-\" \"PostmanRuntime/7.3.0\"\n","level":"info"}
{"message":"::1 - - [24/Nov/2018:09:22:17 +0000] \"POST /client/signup HTTP/1.1\" 200 392 \"-\" \"PostmanRuntime/7.3.0\"\n","level":"info"}
{"message":"::1 - - [24/Nov/2018:09:23:19 +0000] \"POST /client/signup HTTP/1.1\" 200 392 \"-\" \"PostmanRuntime/7.3.0\"\n","level":"info"}
{"message":"::1 - - [24/Nov/2018:09:24:44 +0000] \"POST /client/login HTTP/1.1\" 400 31 \"-\" \"PostmanRuntime/7.3.0\"\n","level":"info"}
{"message":"::1 - - [24/Nov/2018:09:25:58 +0000] \"POST /client/login HTTP/1.1\" 400 31 \"-\" \"PostmanRuntime/7.3.0\"\n","level":"info"}
{"message":"::1 - - [24/Nov/2018:09:26:34 +0000] \"POST /client/login HTTP/1.1\" 400 31 \"-\" \"PostmanRuntime/7.3.0\"\n","level":"info"}
{"message":"::1 - - [24/Nov/2018:09:27:29 +0000] \"POST /client/login HTTP/1.1\" 400 31 \"-\" \"PostmanRuntime/7.3.0\"\n","level":"info"}
{"message":"::1 - - [24/Nov/2018:09:28:16 +0000] \"POST /client/login HTTP/1.1\" 400 31 \"-\" \"PostmanRuntime/7.3.0\"\n","level":"info"}
{"message":"::1 - - [24/Nov/2018:09:32:13 +0000] \"POST /client/login HTTP/1.1\" 400 - \"-\" \"PostmanRuntime/7.3.0\"\n","level":"info"}
{"message":"::1 - - [24/Nov/2018:09:34:53 +0000] \"POST /client/signup HTTP/1.1\" 200 445 \"-\" \"PostmanRuntime/7.3.0\"\n","level":"info"}
{"message":"::1 - - [24/Nov/2018:09:34:58 +0000] \"POST /client/login HTTP/1.1\" 400 2 \"-\" \"PostmanRuntime/7.3.0\"\n","level":"info"}
{"message":"::1 - - [24/Nov/2018:09:35:35 +0000] \"POST /client/login HTTP/1.1\" 400 2 \"-\" \"PostmanRuntime/7.3.0\"\n","level":"info"}
{"message":"::1 - - [24/Nov/2018:09:36:59 +0000] \"POST /client/login HTTP/1.1\" 400 2 \"-\" \"PostmanRuntime/7.3.0\"\n","level":"info"}
{"message":"::1 - - [24/Nov/2018:09:37:10 +0000] \"POST /client/login HTTP/1.1\" 400 2 \"-\" \"PostmanRuntime/7.3.0\"\n","level":"info"}
{"message":"::1 - - [24/Nov/2018:09:37:45 +0000] \"POST /client/login HTTP/1.1\" 200 678 \"-\" \"PostmanRuntime/7.3.0\"\n","level":"info"}
{"message":"::1 - - [24/Nov/2018:09:38:36 +0000] \"POST /client/login HTTP/1.1\" 200 911 \"-\" \"PostmanRuntime/7.3.0\"\n","level":"info"}
{"message":"::1 - - [24/Nov/2018:09:43:57 +0000] \"DELETE /client/logout?token=eyJhbGciOiJIUzI1NiIsInR5cCI6IkpXVCJ9.eyJfaWQiOiI1YmY5MWIzZDJlNDIxODE5NTA2MzRkNmQiLCJhY2Nlc3MiOiJhdXRoIiwiaWF0IjoxNTQzMDUyMzE2fQ.Re00iCz72OWzH2jlxYcQCijhYNusJ2UDObl_Nn0zpHM HTTP/1.1\" 404 155 \"-\" \"PostmanRuntime/7.3.0\"\n","level":"info"}
{"message":"::1 - - [24/Nov/2018:09:44:13 +0000] \"DELETE /client/logout?token=eyJhbGciOiJIUzI1NiIsInR5cCI6IkpXVCJ9.eyJfaWQiOiI1YmY5MWIzZDJlNDIxODE5NTA2MzRkNmQiLCJhY2Nlc3MiOiJhdXRoIiwiaWF0IjoxNTQzMDUyMzE2fQ.Re00iCz72OWzH2jlxYcQCijhYNusJ2UDObl_Nn0zpHM HTTP/1.1\" 400 2 \"-\" \"PostmanRuntime/7.3.0\"\n","level":"info"}
{"message":"::1 - - [24/Nov/2018:09:44:57 +0000] \"DELETE /client/logout?token=eyJhbGciOiJIUzI1NiIsInR5cCI6IkpXVCJ9.eyJfaWQiOiI1YmY5MWIzZDJlNDIxODE5NTA2MzRkNmQiLCJhY2Nlc3MiOiJhdXRoIiwiaWF0IjoxNTQzMDUyMzE2fQ.Re00iCz72OWzH2jlxYcQCijhYNusJ2UDObl_Nn0zpHM HTTP/1.1\" 400 2 \"-\" \"PostmanRuntime/7.3.0\"\n","level":"info"}
{"message":"::1 - - [24/Nov/2018:09:45:42 +0000] \"DELETE /client/logout HTTP/1.1\" 400 2 \"-\" \"PostmanRuntime/7.3.0\"\n","level":"info"}
{"message":"::1 - - [24/Nov/2018:09:47:51 +0000] \"DELETE /users/me/token HTTP/1.1\" 404 156 \"-\" \"PostmanRuntime/7.3.0\"\n","level":"info"}
{"message":"::1 - - [24/Nov/2018:09:48:06 +0000] \"DELETE /client/logout HTTP/1.1\" 400 2 \"-\" \"PostmanRuntime/7.3.0\"\n","level":"info"}
{"message":"::1 - - [24/Nov/2018:09:50:53 +0000] \"DELETE /client/logout HTTP/1.1\" 400 2 \"-\" \"PostmanRuntime/7.3.0\"\n","level":"info"}
{"message":"::1 - - [24/Nov/2018:09:52:48 +0000] \"DELETE /client/logout HTTP/1.1\" 400 2 \"-\" \"PostmanRuntime/7.3.0\"\n","level":"info"}
{"message":"::1 - - [24/Nov/2018:10:02:48 +0000] \"DELETE /client/logout HTTP/1.1\" 401 - \"-\" \"PostmanRuntime/7.3.0\"\n","level":"info"}
{"message":"::1 - - [24/Nov/2018:10:04:44 +0000] \"POST /client/signup HTTP/1.1\" 200 445 \"-\" \"PostmanRuntime/7.3.0\"\n","level":"info"}
{"message":"::1 - - [24/Nov/2018:10:04:52 +0000] \"POST /client/login HTTP/1.1\" 200 678 \"-\" \"PostmanRuntime/7.3.0\"\n","level":"info"}
{"message":"::1 - - [24/Nov/2018:10:07:23 +0000] \"DELETE /client/logout HTTP/1.1\" 400 2 \"-\" \"PostmanRuntime/7.3.0\"\n","level":"info"}
{"message":"::1 - - [24/Nov/2018:10:08:04 +0000] \"DELETE /client/logout HTTP/1.1\" 400 2 \"-\" \"PostmanRuntime/7.3.0\"\n","level":"info"}
{"message":"::1 - - [24/Nov/2018:10:08:21 +0000] \"DELETE /client/logout HTTP/1.1\" 400 2 \"-\" \"PostmanRuntime/7.3.0\"\n","level":"info"}
{"message":"::1 - - [24/Nov/2018:10:08:53 +0000] \"DELETE /client/logout HTTP/1.1\" 400 2 \"-\" \"PostmanRuntime/7.3.0\"\n","level":"info"}
{"message":"::1 - - [24/Nov/2018:10:09:22 +0000] \"DELETE /client/logout HTTP/1.1\" 400 2 \"-\" \"PostmanRuntime/7.3.0\"\n","level":"info"}
{"message":"::1 - - [24/Nov/2018:10:09:24 +0000] \"DELETE /client/logout HTTP/1.1\" 400 2 \"-\" \"PostmanRuntime/7.3.0\"\n","level":"info"}
{"message":"::1 - - [24/Nov/2018:10:09:55 +0000] \"DELETE /client/logout HTTP/1.1\" 400 2 \"-\" \"PostmanRuntime/7.3.0\"\n","level":"info"}
{"message":"::1 - - [24/Nov/2018:10:11:20 +0000] \"DELETE /client/logout HTTP/1.1\" 400 2 \"-\" \"PostmanRuntime/7.3.0\"\n","level":"info"}
{"message":"::1 - - [24/Nov/2018:10:11:32 +0000] \"DELETE /client/logout HTTP/1.1\" 400 2 \"-\" \"PostmanRuntime/7.3.0\"\n","level":"info"}
{"message":"::1 - - [24/Nov/2018:10:11:51 +0000] \"DELETE /client/logout HTTP/1.1\" 400 2 \"-\" \"PostmanRuntime/7.3.0\"\n","level":"info"}
{"message":"::1 - - [24/Nov/2018:10:12:28 +0000] \"DELETE /client/logout HTTP/1.1\" 400 2 \"-\" \"PostmanRuntime/7.3.0\"\n","level":"info"}
{"message":"::1 - - [24/Nov/2018:10:13:06 +0000] \"DELETE /client/logout HTTP/1.1\" 400 2 \"-\" \"PostmanRuntime/7.3.0\"\n","level":"info"}
{"message":"::1 - - [24/Nov/2018:10:16:01 +0000] \"DELETE /client/logout HTTP/1.1\" 200 - \"-\" \"PostmanRuntime/7.3.0\"\n","level":"info"}
